# JRE version: Java(TM) SE Runtime Environment (21.0.5+9) (build 21.0.5+9-LTS-239)
# Java VM: Java HotSpot(TM) 64-Bit Server VM (21.0.5+9-LTS-239, mixed mode, sharing, tiered, compressed oops, compressed class ptrs, g1 gc, windows-amd64)
GC Precious Log:
 CardTable entry size: 512
 Card Set container configuration: InlinePtr #cards 5 size 8 Array Of Cards #cards 12 size 40 Howl #buckets 4 coarsen threshold 1843 Howl Bitmap #cards 512 size 80 coarsen threshold 460 Card regions per heap region 1 cards per card region 2048
 CPUs: 4 total, 4 available
 Memory: 3892M
 Large Page Support: Disabled
 NUMA Support: Disabled
 Compressed Oops: Enabled (32-bit)
 Heap Region Size: 1M
 Heap Min Capacity: 8M
 Heap Initial Capacity: 62M
 Heap Max Capacity: 974M
 Pre-touch: Disabled
 Parallel Workers: 4
 Concurrent Workers: 1
 Concurrent Refinement Workers: 4
 Periodic GC: Disabled
Heap:
 garbage-first heap   total 34816K, used 25267K [0x00000000c3200000, 0x0000000100000000)
  region size 1024K, 17 young (17408K), 2 survivors (2048K)
 Metaspace       used 33546K, committed 33856K, reserved 1114112K
  class space    used 4002K, committed 4160K, reserved 1048576K
GC Heap History (9 events):
Event: 2.458 GC heap before
{Heap before GC invocations=0 (full 0):
 garbage-first heap   total 63488K, used 13312K [0x00000000c3200000, 0x0000000100000000)
  region size 1024K, 13 young (13312K), 0 survivors (0K)
 Metaspace       used 11487K, committed 11712K, reserved 1114112K
  class space    used 1214K, committed 1344K, reserved 1048576K
}
Event: 2.489 GC heap after
{Heap after GC invocations=1 (full 0):
 garbage-first heap   total 63488K, used 5568K [0x00000000c3200000, 0x0000000100000000)
  region size 1024K, 2 young (2048K), 2 survivors (2048K)
 Metaspace       used 11487K, committed 11712K, reserved 1114112K
  class space    used 1214K, committed 1344K, reserved 1048576K
}
Event: 5.846 GC heap before
{Heap before GC invocations=1 (full 0):
 garbage-first heap   total 63488K, used 18880K [0x00000000c3200000, 0x0000000100000000)
  region size 1024K, 15 young (15360K), 2 survivors (2048K)
 Metaspace       used 16321K, committed 16576K, reserved 1114112K
  class space    used 1854K, committed 1984K, reserved 1048576K
}
Event: 5.864 GC heap after
{Heap after GC invocations=2 (full 0):
 garbage-first heap   total 63488K, used 6519K [0x00000000c3200000, 0x0000000100000000)
  region size 1024K, 2 young (2048K), 2 survivors (2048K)
 Metaspace       used 16321K, committed 16576K, reserved 1114112K
  class space    used 1854K, committed 1984K, reserved 1048576K
}
Event: 7.567 GC heap before
{Heap before GC invocations=2 (full 0):
 garbage-first heap   total 63488K, used 15735K [0x00000000c3200000, 0x0000000100000000)
  region size 1024K, 12 young (12288K), 2 survivors (2048K)
 Metaspace       used 21215K, committed 21504K, reserved 1114112K
  class space    used 2382K, committed 2560K, reserved 1048576K
}
Event: 7.573 GC heap after
{Heap after GC invocations=3 (full 0):
 garbage-first heap   total 63488K, used 8391K [0x00000000c3200000, 0x0000000100000000)
  region size 1024K, 3 young (3072K), 3 survivors (3072K)
 Metaspace       used 21215K, committed 21504K, reserved 1114112K
  class space    used 2382K, committed 2560K, reserved 1048576K
}
Event: 9.493 GC heap before
{Heap before GC invocations=4 (full 0):
 garbage-first heap   total 34816K, used 25799K [0x00000000c3200000, 0x0000000100000000)
  region size 1024K, 20 young (20480K), 3 survivors (3072K)
 Metaspace       used 28477K, committed 28736K, reserved 1114112K
  class space    used 3349K, committed 3456K, reserved 1048576K
}
Event: 9.503 GC heap after
{Heap after GC invocations=5 (full 0):
 garbage-first heap   total 34816K, used 9922K [0x00000000c3200000, 0x0000000100000000)
  region size 1024K, 2 young (2048K), 2 survivors (2048K)
 Metaspace       used 28477K, committed 28736K, reserved 1114112K
  class space    used 3349K, committed 3456K, reserved 1048576K
}
Event: 10.743 GC heap before
{Heap before GC invocations=5 (full 0):
 garbage-first heap   total 34816K, used 24258K [0x00000000c3200000, 0x0000000100000000)
  region size 1024K, 17 young (17408K), 2 survivors (2048K)
 Metaspace       used 33546K, committed 33856K, reserved 1114112K
  class space    used 4002K, committed 4160K, reserved 1048576K
}

