# JRE version: Java(TM) SE Runtime Environment (21.0.5+9) (build 21.0.5+9-LTS-239)
# Java VM: Java HotSpot(TM) 64-Bit Server VM (21.0.5+9-LTS-239, mixed mode, sharing, tiered, compressed oops, compressed class ptrs, g1 gc, windows-amd64)
GC Precious Log:
 CardTable entry size: 512
 Card Set container configuration: InlinePtr #cards 5 size 8 Array Of Cards #cards 12 size 40 Howl #buckets 4 coarsen threshold 1843 Howl Bitmap #cards 512 size 80 coarsen threshold 460 Card regions per heap region 1 cards per card region 2048
 CPUs: 4 total, 4 available
 Memory: 3892M
 Large Page Support: Disabled
 NUMA Support: Disabled
 Compressed Oops: Enabled (32-bit)
 Heap Region Size: 1M
 Heap Min Capacity: 8M
 Heap Initial Capacity: 62M
 Heap Max Capacity: 974M
 Pre-touch: Disabled
 Parallel Workers: 4
 Concurrent Workers: 1
 Concurrent Refinement Workers: 4
 Periodic GC: Disabled
Heap:
 garbage-first heap   total 63488K, used 21718K [0x00000000c3200000, 0x0000000100000000)
  region size 1024K, 19 young (19456K), 3 survivors (3072K)
 Metaspace       used 15206K, committed 15488K, reserved 1114112K
  class space    used 1791K, committed 1920K, reserved 1048576K
GC Heap History (6 events):
Event: 1.566 GC heap before
{Heap before GC invocations=0 (full 0):
 garbage-first heap   total 63488K, used 13312K [0x00000000c3200000, 0x0000000100000000)
  region size 1024K, 13 young (13312K), 0 survivors (0K)
 Metaspace       used 3807K, committed 4032K, reserved 1114112K
  class space    used 390K, committed 512K, reserved 1048576K
}
Event: 1.588 GC heap after
{Heap after GC invocations=1 (full 0):
 garbage-first heap   total 63488K, used 3200K [0x00000000c3200000, 0x0000000100000000)
  region size 1024K, 2 young (2048K), 2 survivors (2048K)
 Metaspace       used 3807K, committed 4032K, reserved 1114112K
  class space    used 390K, committed 512K, reserved 1048576K
}
Event: 3.005 GC heap before
{Heap before GC invocations=1 (full 0):
 garbage-first heap   total 63488K, used 18560K [0x00000000c3200000, 0x0000000100000000)
  region size 1024K, 17 young (17408K), 2 survivors (2048K)
 Metaspace       used 6154K, committed 6336K, reserved 1114112K
  class space    used 706K, committed 832K, reserved 1048576K
}
Event: 3.017 GC heap after
{Heap after GC invocations=2 (full 0):
 garbage-first heap   total 63488K, used 4091K [0x00000000c3200000, 0x0000000100000000)
  region size 1024K, 1 young (1024K), 1 survivors (1024K)
 Metaspace       used 6154K, committed 6336K, reserved 1114112K
  class space    used 706K, committed 832K, reserved 1048576K
}
Event: 5.734 GC heap before
{Heap before GC invocations=2 (full 0):
 garbage-first heap   total 63488K, used 39931K [0x00000000c3200000, 0x0000000100000000)
  region size 1024K, 37 young (37888K), 1 survivors (1024K)
 Metaspace       used 12073K, committed 12288K, reserved 1114112K
  class space    used 1431K, committed 1536K, reserved 1048576K
}
Event: 5.752 GC heap after
{Heap after GC invocations=3 (full 0):
 garbage-first heap   total 63488K, used 6358K [0x00000000c3200000, 0x0000000100000000)
  region size 1024K, 3 young (3072K), 3 survivors (3072K)
 Metaspace       used 12073K, committed 12288K, reserved 1114112K
  class space    used 1431K, committed 1536K, reserved 1048576K
}

